[debug] [2021-07-03T08:43:13.748Z] ----------------------------------------------------------------------
[debug] [2021-07-03T08:43:13.751Z] Command:       C:\Program Files\nodejs\node.exe C:\Users\arvin\AppData\Roaming\npm\node_modules\firebase-tools\lib\bin\firebase.js init
[debug] [2021-07-03T08:43:13.751Z] CLI Version:   9.14.0
[debug] [2021-07-03T08:43:13.751Z] Platform:      win32
[debug] [2021-07-03T08:43:13.751Z] Node Version:  v14.17.1
[debug] [2021-07-03T08:43:13.752Z] Time:          Sat Jul 03 2021 14:13:13 GMT+0530 (India Standard Time)
[debug] [2021-07-03T08:43:13.752Z] ----------------------------------------------------------------------
[debug] 
[debug] [2021-07-03T08:43:13.761Z] > command requires scopes: ["email","openid","https://www.googleapis.com/auth/cloudplatformprojects.readonly","https://www.googleapis.com/auth/firebase","https://www.googleapis.com/auth/cloud-platform"]
[debug] [2021-07-03T08:43:13.761Z] > authorizing via signed-in user (arvind.nagaonkar.pro@gmail.com)
[info] 
     ######## #### ########  ######## ########     ###     ######  ########
     ##        ##  ##     ## ##       ##     ##  ##   ##  ##       ##
     ######    ##  ########  ######   ########  #########  ######  ######
     ##        ##  ##    ##  ##       ##     ## ##     ##       ## ##
     ##       #### ##     ## ######## ########  ##     ##  ######  ########

You're about to initialize a Firebase project in this directory:

  D:\next js\cryptocurrency-tracker

[info] 
=== Project Setup
[info] 
[info] First, let's associate this project directory with a Firebase project.
[info] You can create multiple project aliases by running firebase use --add, 
[info] but for now we'll just set up a default project.
[info] 
[debug] [2021-07-03T08:43:35.154Z] >>> [apiv2][query] GET https://firebase.googleapis.com/v1beta1/projects pageSize=100
[debug] [2021-07-03T08:43:36.059Z] <<< [apiv2][status] GET https://firebase.googleapis.com/v1beta1/projects 200
[debug] [2021-07-03T08:43:36.059Z] <<< [apiv2][body] GET https://firebase.googleapis.com/v1beta1/projects [omitted]
[info] i  Using project cryptocurrency-tracker-15233 (Cryptocurrency Tracker) 
[info] 
=== Hosting Setup
[info] 
[info] Your public directory is the folder (relative to your project directory) that
[info] will contain Hosting assets to be uploaded with firebase deploy. If you
[info] have a build process for your assets, use your build's output directory.
[info] 
